C:\USERS\PNA\DOCUMENTS\TEACHING\CS4S706 REALTIME COMPUTER GRAPHICS\YEAR1314\DX11 DEMO01\DEBUG\VC100.PDB
C:\USERS\PNA\DOCUMENTS\TEACHING\CS4S706 REALTIME COMPUTER GRAPHICS\YEAR1314\DX11 DEMO01\DEBUG\CGCUBE.OBJ
C:\USERS\PNA\DOCUMENTS\TEACHING\CS4S706 REALTIME COMPUTER GRAPHICS\YEAR1314\DX11 DEMO01\DEBUG\CGPRINCIPLEAXES.OBJ
C:\USERS\PNA\DOCUMENTS\TEACHING\CS4S706 REALTIME COMPUTER GRAPHICS\YEAR1314\DX11 DEMO01\DEBUG\CGTEXTURELOADER.OBJ
C:\USERS\PNA\DOCUMENTS\TEACHING\CS4S706 REALTIME COMPUTER GRAPHICS\YEAR1314\DX11 DEMO01\DEBUG\CGPIPELINE.OBJ
C:\USERS\PNA\DOCUMENTS\TEACHING\CS4S706 REALTIME COMPUTER GRAPHICS\YEAR1314\DX11 DEMO01\DEBUG\MAIN.OBJ
C:\USERS\PNA\DOCUMENTS\TEACHING\CS4S706 REALTIME COMPUTER GRAPHICS\YEAR1314\DX11 DEMO01\DEBUG\CGBASEMODEL.OBJ
C:\USERS\PNA\DOCUMENTS\TEACHING\CS4S706 REALTIME COMPUTER GRAPHICS\YEAR1314\DX11 DEMO01\DEBUG\CGPYRAMID.OBJ
C:\USERS\PNA\DOCUMENTS\TEACHING\CS4S706 REALTIME COMPUTER GRAPHICS\YEAR1314\DX11 DEMO01\DEBUG\CGOUTPUTMERGERSTAGE.OBJ
䍞尺獕牥屳湰屡潄畣敭瑮屳敔捡楨杮䍜㑓㝓㘰删慥瑬浩⁥潃灭瑵牥䜠慲桰捩屳敹牡㌱㐱䑜ㅸ‱敄潭㄰䑜ㅸ搰浥ㅯ瘮硣牰橯਍㩃啜敳獲灜慮䑜捯浵湥獴呜慥档湩屧千匴〷‶敒污楴敭䌠浯異整⁲片灡楨獣祜慥ㅲㄳ尴硄ㄱ䐠浥は就敄畢屧硄〱敤潭⸱楬ൢ䌊尺獕牥屳湰屡潄畣敭瑮屳敔捡楨杮䍜㑓㝓㘰删慥瑬浩⁥潃灭瑵牥䜠慲桰捩屳敹牡㌱㐱䑜ㅸ‱敄潭㄰䑜扥杵䑜ㅸ搰浥ㅯ氮扩਍㩃啜敳獲灜慮䑜捯浵湥獴呜慥档湩屧千匴〷‶敒污楴敭䌠浯異整⁲片灡楨獣祜慥ㅲㄳ尴硄ㄱ䐠浥は就敄畢屧硄〱敤潭⸱硥൰䌊尺獕牥屳湰屡潄畣敭瑮屳敔捡楨杮䍜㑓㝓㘰删慥瑬浩⁥潃灭瑵牥䜠慲桰捩屳敹牡㌱㐱䑜ㅸ‱敄潭㄰䑜扥杵䑜ㅸ搰浥ㅯ攮灸਍䍞尺獕牥屳湰屡潄畣敭瑮屳敔捡楨杮䍜㑓㝓㘰删慥瑬浩⁥潃灭瑵牥䜠慲桰捩屳敹牡㌱㐱䑜ㅸ‱敄潭㄰䑜ㅸ搰浥ㅯ瘮硣牰橯਍㩃啜敳獲灜慮䑜捯浵湥獴呜慥档湩屧千匴〷‶敒污楴敭䌠浯異整⁲片灡楨獣祜慥ㅲㄳ尴硄ㄱ䐠浥は就敄畢屧硄〱敤潭⸱楬ൢ䌊尺獕牥屳湰屡潄畣敭瑮屳敔捡楨杮䍜㑓㝓㘰删慥瑬浩⁥潃灭瑵牥䜠慲桰捩屳敹牡㌱㐱䑜ㅸ‱敄潭㄰䑜扥杵䑜ㅸ搰浥ㅯ氮扩਍㩃啜敳獲灜慮䑜捯浵湥獴呜慥档湩屧千匴〷‶敒污楴敭䌠浯異整⁲片灡楨獣祜慥ㅲㄳ尴硄ㄱ䐠浥は就敄畢屧硄〱敤潭⸱硥൰䌊尺獕牥屳湰屡潄畣敭瑮屳敔捡楨杮䍜㑓㝓㘰删慥瑬浩⁥潃灭瑵牥䜠慲桰捩屳敹牡㌱㐱䑜ㅸ‱敄潭㄰䑜扥杵䑜ㅸ搰浥ㅯ攮灸਍䍞尺獕牥屳湰屡潄畣敭瑮屳敔捡楨杮䍜㑓㝓㘰删慥瑬浩⁥潃灭瑵牥䜠慲桰捩屳敹牡㌱㐱䑜ㅸ‱敄潭㄰䑜ㅸ搰浥ㅯ瘮硣牰橯਍㩃啜敳獲灜慮䑜捯浵湥獴呜慥档湩屧千匴〷‶敒污楴敭䌠浯異整⁲片灡楨獣祜慥ㅲㄳ尴硄ㄱ䐠浥は就敄畢屧硄〱敤潭⸱楬ൢ䌊尺獕牥屳湰屡潄畣敭瑮屳敔捡楨杮䍜㑓㝓㘰删慥瑬浩⁥潃灭瑵牥䜠慲桰捩屳敹牡㌱㐱䑜ㅸ‱敄潭㄰䑜扥杵䑜ㅸ搰浥ㅯ氮扩਍㩃啜敳獲灜慮䑜捯浵湥獴呜慥档湩屧千匴〷‶敒污楴敭䌠浯異整⁲片灡楨獣祜慥ㅲㄳ尴硄ㄱ䐠浥は就敄畢屧硄〱敤潭⸱硥൰䌊尺獕牥屳湰屡潄畣敭瑮屳敔捡楨杮䍜㑓㝓㘰删慥瑬浩⁥潃灭瑵牥䜠慲桰捩屳敹牡㌱㐱䑜ㅸ‱敄潭㄰䑜扥杵䑜ㅸ搰浥ㅯ攮灸਍䍞尺獕牥屳湰屡潄畣敭瑮屳敔捡楨杮䍜㑓㝓㘰删慥瑬浩⁥潃灭瑵牥䜠慲桰捩屳敹牡㌱㐱䑜ㅸ‱敄潭㄰䑜ㅸ搰浥ㅯ瘮硣牰橯਍㩃啜敳獲灜慮䑜捯浵湥獴呜慥档湩屧千匴〷‶敒污楴敭䌠浯異整⁲片灡楨獣祜慥ㅲㄳ尴硄ㄱ䐠浥は就敄畢屧硄〱敤潭⸱楬ൢ䌊尺獕牥屳湰屡潄畣敭瑮屳敔捡楨杮䍜㑓㝓㘰删慥瑬浩⁥潃灭瑵牥䜠慲桰捩屳敹牡㌱㐱䑜ㅸ‱敄潭㄰䑜扥杵䑜ㅸ搰浥ㅯ氮扩਍㩃啜敳獲灜慮䑜捯浵湥獴呜慥档湩屧千匴〷‶敒污楴敭䌠浯異整⁲片灡楨獣祜慥ㅲㄳ尴硄ㄱ䐠浥は就敄畢屧硄〱敤潭⸱硥൰䌊尺獕牥屳湰屡潄畣敭瑮屳敔捡楨杮䍜㑓㝓㘰删慥瑬浩⁥潃灭瑵牥䜠慲桰捩屳敹牡㌱㐱䑜ㅸ‱敄潭㄰䑜扥杵䑜ㅸ搰浥ㅯ攮灸਍䍞尺獕牥屳湰屡潄畣敭瑮屳敔捡楨杮䍜㑓㝓㘰删慥瑬浩⁥潃灭瑵牥䜠慲桰捩屳敹牡㌱㐱䑜ㅸ‱敄潭㄰䑜ㅸ搰浥ㅯ瘮硣牰橯਍㩃啜敳獲灜慮䑜捯浵湥獴呜慥档湩屧千匴〷‶敒污楴敭䌠浯異整⁲片灡楨獣祜慥ㅲㄳ尴硄ㄱ䐠浥は就敄畢屧硄〱敤潭⸱楬ൢ䌊尺獕牥屳湰屡潄畣敭瑮屳敔捡楨杮䍜㑓㝓㘰删慥瑬浩⁥潃灭瑵牥䜠慲桰捩屳敹牡㌱㐱䑜ㅸ‱敄潭㄰䑜扥杵䑜ㅸ搰浥ㅯ氮扩਍㩃啜敳獲灜慮䑜捯浵湥獴呜慥档湩屧千匴〷‶敒污楴敭䌠浯異整⁲片灡楨獣祜慥ㅲㄳ尴硄ㄱ䐠浥は就敄畢屧硄〱敤潭⸱硥൰䌊尺獕牥屳湰屡潄畣敭瑮屳敔捡楨杮䍜㑓㝓㘰删慥瑬浩⁥潃灭瑵牥䜠慲桰捩屳敹牡㌱㐱䑜ㅸ‱敄潭㄰䑜扥杵䑜ㅸ搰浥ㅯ攮灸਍䍞尺獕牥屳湰屡潄畣敭瑮屳敔捡楨杮䍜㑓㝓㘰删慥瑬浩⁥潃灭瑵牥䜠慲桰捩屳敹牡㌱㐱䑜ㅸ‱敄潭㄰䑜ㅸ搰浥ㅯ瘮硣牰橯਍㩃啜敳獲灜慮䑜捯浵湥獴呜慥档湩屧千匴〷‶敒污楴敭䌠浯異整⁲片灡楨獣祜慥ㅲㄳ尴硄ㄱ䐠浥は就敄畢屧硄〱敤潭⸱楬ൢ䌊尺獕牥屳湰屡潄畣敭瑮屳敔捡楨杮䍜㑓㝓㘰删慥瑬浩⁥潃灭瑵牥䜠慲桰捩屳敹牡㌱㐱䑜ㅸ‱敄潭㄰䑜扥杵䑜ㅸ搰浥ㅯ氮扩਍㩃啜敳獲灜慮䑜捯浵湥獴呜慥档湩屧千匴〷‶敒污楴敭䌠浯異整⁲片灡楨獣祜慥ㅲㄳ尴硄ㄱ䐠浥は就敄畢屧硄〱敤潭⸱硥൰䌊尺獕牥屳湰屡潄畣敭瑮屳敔捡楨杮䍜㑓㝓㘰删慥瑬浩⁥潃灭瑵牥䜠慲桰捩屳敹牡㌱㐱䑜ㅸ‱敄潭㄰䑜扥杵䑜ㅸ搰浥ㅯ攮灸਍䍞尺獕牥屳湰屡潄畣敭瑮屳敔捡楨杮䍜㑓㝓㘰删慥瑬浩⁥潃灭瑵牥䜠慲桰捩屳敹牡㌱㐱䑜ㅸ‱敄潭㄰䑜ㅸ搰浥ㅯ瘮硣牰橯਍㩃啜敳獲灜慮䑜捯浵湥獴呜慥档湩屧千匴〷‶敒污楴敭䌠浯異整⁲片灡楨獣祜慥ㅲㄳ尴硄ㄱ䐠浥は就敄畢屧硄〱敤潭⸱楬ൢ䌊尺獕牥屳湰屡潄畣敭瑮屳敔捡楨杮䍜㑓㝓㘰删慥瑬浩⁥潃灭瑵牥䜠慲桰捩屳敹牡㌱㐱䑜ㅸ‱敄潭㄰䑜扥杵䑜ㅸ搰浥ㅯ氮扩਍㩃啜敳獲灜慮䑜捯浵湥獴呜慥档湩屧千匴〷‶敒污楴敭䌠浯異整⁲片灡楨獣祜慥ㅲㄳ尴硄ㄱ䐠浥は就敄畢屧硄〱敤潭⸱硥൰䌊尺獕牥屳湰屡潄畣敭瑮屳敔捡楨杮䍜㑓㝓㘰删慥瑬浩⁥潃灭瑵牥䜠慲桰捩屳敹牡㌱㐱䑜ㅸ‱敄潭㄰䑜扥杵䑜ㅸ搰浥ㅯ攮灸਍䍞尺獕牥屳湰屡潄畣敭瑮屳敔捡楨杮䍜㑓㝓㘰删慥瑬浩⁥潃灭瑵牥䜠慲桰捩屳敹牡㌱㐱䑜ㅸ‱敄潭㄰䑜ㅸ搰浥ㅯ瘮硣牰橯਍㩃啜敳獲灜慮䑜捯浵湥獴呜慥档湩屧千匴〷‶敒污楴敭䌠浯異整⁲片灡楨獣祜慥ㅲㄳ尴硄ㄱ䐠浥は就敄畢屧硄〱敤潭⸱楬ൢ䌊尺獕牥屳湰屡潄畣敭瑮屳敔捡楨杮䍜㑓㝓㘰删慥瑬浩⁥潃灭瑵牥䜠慲桰捩屳敹牡㌱㐱䑜ㅸ‱敄潭㄰䑜扥杵䑜ㅸ搰浥ㅯ氮扩਍㩃啜敳獲灜慮䑜捯浵湥獴呜慥档湩屧千匴〷‶敒污楴敭䌠浯異整⁲片灡楨獣祜慥ㅲㄳ尴硄ㄱ䐠浥は就敄畢屧硄〱敤潭⸱硥൰䌊尺獕牥屳湰屡潄畣敭瑮屳敔捡楨杮䍜㑓㝓㘰删慥瑬浩⁥潃灭瑵牥䜠慲桰捩屳敹牡㌱㐱䑜ㅸ‱敄潭㄰䑜扥杵䑜ㅸ搰浥ㅯ攮灸਍䍞尺獕牥屳湰屡潄畣敭瑮屳敔捡楨杮䍜㑓㝓㘰删慥瑬浩⁥潃灭瑵牥䜠慲桰捩屳敹牡㌱㐱䑜ㅸ‱敄潭㄰䑜ㅸ搰浥ㅯ瘮硣牰橯਍㩃啜敳獲灜慮䑜捯浵湥獴呜慥档湩屧千匴〷‶敒污楴敭䌠浯異整⁲片灡楨獣祜慥ㅲㄳ尴硄ㄱ䐠浥は就敄畢屧硄〱敤潭⸱楬ൢ䌊尺獕牥屳湰屡潄畣敭瑮屳敔捡楨杮䍜㑓㝓㘰删慥瑬浩⁥潃灭瑵牥䜠慲桰捩屳敹牡㌱㐱䑜ㅸ‱敄潭㄰䑜扥杵䑜ㅸ搰浥ㅯ氮扩਍㩃啜敳獲灜慮䑜捯浵湥獴呜慥档湩屧千匴〷‶敒污楴敭䌠浯異整⁲片灡楨獣祜慥ㅲㄳ尴硄ㄱ䐠浥は就敄畢屧硄〱敤潭⸱硥൰䌊尺獕牥屳湰屡潄畣敭瑮屳敔捡楨杮䍜㑓㝓㘰删慥瑬浩⁥潃灭瑵牥䜠慲桰捩屳敹牡㌱㐱䑜ㅸ‱敄潭㄰䑜扥杵䑜ㅸ搰浥ㅯ攮灸਍䍞尺獕牥屳湰屡潄畣敭瑮屳敔捡楨杮䍜㑓㝓㘰删慥瑬浩⁥潃灭瑵牥䜠慲桰捩屳敹牡㌱㐱䑜ㅸ‱敄潭㄰䑜ㅸ搰浥ㅯ瘮硣牰橯਍㩃啜敳獲灜慮䑜捯浵湥獴呜慥档湩屧千匴〷‶敒污楴敭䌠浯異整⁲片灡楨獣祜慥ㅲㄳ尴硄ㄱ䐠浥は就敄畢屧硄〱敤潭⸱楬ൢ䌊尺獕牥屳湰屡潄畣敭瑮屳敔捡楨杮䍜㑓㝓㘰删慥瑬浩⁥潃灭瑵牥䜠慲桰捩屳敹牡㌱㐱䑜ㅸ‱敄潭㄰䑜扥杵䑜ㅸ搰浥ㅯ氮扩਍㩃啜敳獲灜慮䑜捯浵湥獴呜慥档湩屧千匴〷‶敒污楴敭䌠浯異整⁲片灡楨獣祜慥ㅲㄳ尴硄ㄱ䐠浥は就敄畢屧硄〱敤潭⸱硥൰䌊尺獕牥屳湰屡潄畣敭瑮屳敔捡楨杮䍜㑓㝓㘰删慥瑬浩⁥潃灭瑵牥䜠慲桰捩屳敹牡㌱㐱䑜ㅸ‱敄潭㄰䑜扥杵䑜ㅸ搰浥ㅯ攮灸਍䍞尺獕牥屳湰屡潄畣敭瑮屳敔捡楨杮䍜㑓㝓㘰删慥瑬浩⁥潃灭瑵牥䜠慲桰捩屳敹牡㌱㐱䑜ㅸ‱敄潭㄰䑜ㅸ搰浥ㅯ瘮硣牰橯਍㩃啜敳獲灜慮䑜捯浵湥獴呜慥档湩屧千匴〷‶敒污楴敭䌠浯異整⁲片灡楨獣祜慥ㅲㄳ尴硄ㄱ䐠浥は就敄畢屧硄〱敤潭⸱楬ൢ䌊尺獕牥屳湰屡潄畣敭瑮屳敔捡楨杮䍜㑓㝓㘰删慥瑬浩⁥潃灭瑵牥䜠慲桰捩屳敹牡㌱㐱䑜ㅸ‱敄潭㄰䑜扥杵䑜ㅸ搰浥ㅯ氮扩਍㩃啜敳獲灜慮䑜捯浵湥獴呜慥档湩屧千匴〷‶敒污楴敭䌠浯異整⁲片灡楨獣祜慥ㅲㄳ尴硄ㄱ䐠浥は就敄畢屧硄〱敤潭⸱硥൰䌊尺獕牥屳湰屡潄畣敭瑮屳敔捡楨杮䍜㑓㝓㘰删慥瑬浩⁥潃灭瑵牥䜠慲桰捩屳敹牡㌱㐱䑜ㅸ‱敄潭㄰䑜扥杵䑜ㅸ搰浥ㅯ攮灸਍䍞尺獕牥屳湰屡潄畣敭瑮屳敔捡楨杮䍜㑓㝓㘰删慥瑬浩⁥潃灭瑵牥䜠慲桰捩屳敹牡㌱㐱䑜ㅸ‱敄潭㄰䑜ㅸ搰浥ㅯ瘮硣牰橯਍㩃啜敳獲灜慮䑜捯浵湥獴呜慥档湩屧千匴〷‶敒污楴敭䌠浯異整⁲片灡楨獣祜慥ㅲㄳ尴硄ㄱ䐠浥は就敄畢屧硄〱敤潭⸱楬ൢ䌊尺獕牥屳湰屡潄畣敭瑮屳敔捡楨杮䍜㑓㝓㘰删慥瑬浩⁥潃灭瑵牥䜠慲桰捩屳敹牡㌱㐱䑜ㅸ‱敄潭㄰䑜扥杵䑜ㅸ搰浥ㅯ氮扩਍㩃啜敳獲灜慮䑜捯浵湥獴呜慥档湩屧千匴〷‶敒污楴敭䌠浯異整⁲片灡楨獣祜慥ㅲㄳ尴硄ㄱ䐠浥は就敄畢屧硄〱敤潭⸱硥൰䌊尺獕牥屳湰屡潄畣敭瑮屳敔捡楨杮䍜㑓㝓㘰删慥瑬浩⁥潃灭瑵牥䜠慲桰捩屳敹牡㌱㐱䑜ㅸ‱敄潭㄰䑜扥杵䑜ㅸ搰浥ㅯ攮灸਍䍞尺獕牥屳湰屡潄畣敭瑮屳敔捡楨杮䍜㑓㝓㘰删慥瑬浩⁥潃灭瑵牥䜠慲桰捩屳敹牡㌱㐱䑜ㅸ‱敄潭㄰䑜ㅸ搰浥ㅯ瘮硣牰橯਍㩃啜敳獲灜慮䑜捯浵湥獴呜慥档湩屧千匴〷‶敒污楴敭䌠浯異整⁲片灡楨獣祜慥ㅲㄳ尴硄ㄱ䐠浥は就敄畢屧硄〱敤潭⸱楬ൢ䌊尺獕牥屳湰屡潄畣敭瑮屳敔捡楨杮䍜㑓㝓㘰删慥瑬浩⁥潃灭瑵牥䜠慲桰捩屳敹牡㌱㐱䑜ㅸ‱敄潭㄰䑜扥杵䑜ㅸ搰浥ㅯ氮扩਍㩃啜敳獲灜慮䑜捯浵湥獴呜慥档湩屧千匴〷‶敒污楴敭䌠浯異整⁲片灡楨獣祜慥ㅲㄳ尴硄ㄱ䐠浥は就敄畢屧硄〱敤潭⸱硥൰䌊尺獕牥屳湰屡潄畣敭瑮屳敔捡楨杮䍜㑓㝓㘰删慥瑬浩⁥潃灭瑵牥䜠慲桰捩屳敹牡㌱㐱䑜ㅸ‱敄潭㄰䑜扥杵䑜ㅸ搰浥ㅯ攮灸਍䍞尺獕牥屳湰屡潄畣敭瑮屳敔捡楨杮䍜㑓㝓㘰删慥瑬浩⁥潃灭瑵牥䜠慲桰捩屳敹牡㌱㐱䑜ㅸ‱敄潭㄰䑜ㅸ搰浥ㅯ瘮硣牰橯਍㩃啜敳獲灜慮䑜捯浵湥獴呜慥档湩屧千匴〷‶敒污楴敭䌠浯異整⁲片灡楨獣祜慥ㅲㄳ尴硄ㄱ䐠浥は就敄畢屧硄〱敤潭⸱楬ൢ䌊尺獕牥屳湰屡潄畣敭瑮屳敔捡楨杮䍜㑓㝓㘰删慥瑬浩⁥潃灭瑵牥䜠慲桰捩屳敹牡㌱㐱䑜ㅸ‱敄潭㄰䑜扥杵䑜ㅸ搰浥ㅯ氮扩਍㩃啜敳獲灜慮䑜捯浵湥獴呜慥档湩屧千匴〷‶敒污楴敭䌠浯異整⁲片灡楨獣祜慥ㅲㄳ尴硄ㄱ䐠浥は就敄畢屧硄〱敤潭⸱硥൰䌊尺獕牥屳湰屡潄畣敭瑮屳敔捡楨杮䍜㑓㝓㘰删慥瑬浩⁥潃灭瑵牥䜠慲桰捩屳敹牡㌱㐱䑜ㅸ‱敄潭㄰䑜扥杵䑜ㅸ搰浥ㅯ攮灸਍䍞尺獕牥屳湰屡潄畣敭瑮屳敔捡楨杮䍜㑓㝓㘰删慥瑬浩⁥潃灭瑵牥䜠慲桰捩屳敹牡㌱㐱䑜ㅸ‱敄潭㄰䑜ㅸ搰浥ㅯ瘮硣牰橯਍㩃啜敳獲灜慮䑜捯浵湥獴呜慥档湩屧千匴〷‶敒污楴敭䌠浯異整⁲片灡楨獣祜慥ㅲㄳ尴硄ㄱ䐠浥は就敄畢屧硄〱敤潭⸱楬ൢ䌊尺獕牥屳湰屡潄畣敭瑮屳敔捡楨杮䍜㑓㝓㘰删慥瑬浩⁥潃灭瑵牥䜠慲桰捩屳敹牡㌱㐱䑜ㅸ‱敄潭㄰䑜扥杵䑜ㅸ搰浥ㅯ氮扩਍㩃啜敳獲灜慮䑜捯浵湥獴呜慥档湩屧千匴〷‶敒污楴敭䌠浯異整⁲片灡楨獣祜慥ㅲㄳ尴硄ㄱ䐠浥は就敄畢屧硄〱敤潭⸱硥൰䌊尺獕牥屳湰屡潄畣敭瑮屳敔捡楨杮䍜㑓㝓㘰删慥瑬浩⁥潃灭瑵牥䜠慲桰捩屳敹牡㌱㐱䑜ㅸ‱敄潭㄰䑜扥杵䑜ㅸ搰浥ㅯ攮灸਍䍞尺獕牥屳湰屡潄畣敭瑮屳敔捡楨杮䍜㑓㝓㘰删慥瑬浩⁥潃灭瑵牥䜠慲桰捩屳敹牡㌱㐱䑜ㅸ‱敄潭㄰䑜ㅸ搰浥ㅯ瘮硣牰橯਍㩃啜敳獲灜慮䑜捯浵湥獴呜慥档湩屧千匴〷‶敒污楴敭䌠浯異整⁲片灡楨獣祜慥ㅲㄳ尴硄ㄱ䐠浥は就敄畢屧硄〱敤潭⸱楬ൢ䌊尺獕牥屳湰屡潄畣敭瑮屳敔捡楨杮䍜㑓㝓㘰删慥瑬浩⁥潃灭瑵牥䜠慲桰捩屳敹牡㌱㐱䑜ㅸ‱敄潭㄰䑜扥杵䑜ㅸ搰浥ㅯ氮扩਍㩃啜敳獲灜慮䑜捯浵湥獴呜慥档湩屧千匴〷‶敒污楴敭䌠浯異整⁲片灡楨獣祜慥ㅲㄳ尴硄ㄱ䐠浥は就敄畢屧硄〱敤潭⸱硥൰䌊尺獕牥屳湰屡潄畣敭瑮屳敔捡楨杮䍜㑓㝓㘰删慥瑬浩⁥潃灭瑵牥䜠慲桰捩屳敹牡㌱㐱䑜ㅸ‱敄潭㄰䑜扥杵䑜ㅸ搰浥ㅯ攮灸਍䍞尺獕牥屳湰屡潄畣敭瑮屳敔捡楨杮䍜㑓㝓㘰删慥瑬浩⁥潃灭瑵牥䜠慲桰捩屳敹牡㌱㐱䑜ㅸ‱敄潭㄰䑜ㅸ搰浥ㅯ瘮硣牰橯਍㩃啜敳獲灜慮䑜捯浵湥獴呜慥档湩屧千匴〷‶敒污楴敭䌠浯異整⁲片灡楨獣祜慥ㅲㄳ尴硄ㄱ䐠浥は就敄畢屧硄〱敤潭⸱楬ൢ䌊尺獕牥屳湰屡潄畣敭瑮屳敔捡楨杮䍜㑓㝓㘰删慥瑬浩⁥潃灭瑵牥䜠慲桰捩屳敹牡㌱㐱䑜ㅸ‱敄潭㄰䑜扥杵䑜ㅸ搰浥ㅯ氮扩਍㩃啜敳獲灜慮䑜捯浵湥獴呜慥档湩屧千匴〷‶敒污楴敭䌠浯異整⁲片灡楨獣祜慥ㅲㄳ尴硄ㄱ䐠浥は就敄畢屧硄〱敤潭⸱硥൰䌊尺獕牥屳湰屡潄畣敭瑮屳敔捡楨杮䍜㑓㝓㘰删慥瑬浩⁥潃灭瑵牥䜠慲桰捩屳敹牡㌱㐱䑜ㅸ‱敄潭㄰䑜扥杵䑜ㅸ搰浥ㅯ攮灸਍䍞尺獕牥屳湰屡潄畣敭瑮屳敔捡楨杮䍜㑓㝓㘰删慥瑬浩⁥潃灭瑵牥䜠慲桰捩屳敹牡㌱㐱䑜ㅸ‱敄潭㄰䑜ㅸ搰浥ㅯ瘮硣牰橯਍㩃啜敳獲灜慮䑜捯浵湥獴呜慥档湩屧千匴〷‶敒污楴敭䌠浯異整⁲片灡楨獣祜慥ㅲㄳ尴硄ㄱ䐠浥は就敄畢屧硄〱敤潭⸱楬ൢ䌊尺獕牥屳湰屡潄畣敭瑮屳敔捡楨杮䍜㑓㝓㘰删慥瑬浩⁥潃灭瑵牥䜠慲桰捩屳敹牡㌱㐱䑜ㅸ‱敄潭㄰䑜扥杵䑜ㅸ搰浥ㅯ氮扩਍㩃啜敳獲灜慮䑜捯浵湥獴呜慥档湩屧千匴〷‶敒污楴敭䌠浯異整⁲片灡楨獣祜慥ㅲㄳ尴硄ㄱ䐠浥は就敄畢屧硄〱敤潭⸱硥൰䌊尺獕牥屳湰屡潄畣敭瑮屳敔捡楨杮䍜㑓㝓㘰删慥瑬浩⁥潃灭瑵牥䜠慲桰捩屳敹牡㌱㐱䑜ㅸ‱敄潭㄰䑜扥杵䑜ㅸ搰浥ㅯ攮灸਍䍞尺獕牥屳湰屡潄畣敭瑮屳敔捡楨杮䍜㑓㝓㘰删慥瑬浩⁥潃灭瑵牥䜠慲桰捩屳敹牡㌱㐱䑜ㅸ‱敄潭㄰䑜ㅸ搰浥ㅯ瘮硣牰橯਍㩃啜敳獲灜慮䑜捯浵湥獴呜慥档湩屧千匴〷‶敒污楴敭䌠浯異整⁲片灡楨獣祜慥ㅲㄳ尴硄ㄱ䐠浥は就敄畢屧硄〱敤潭⸱楬ൢ䌊尺獕牥屳湰屡潄畣敭瑮屳敔捡楨杮䍜㑓㝓㘰删慥瑬浩⁥潃灭瑵牥䜠慲桰捩屳敹牡㌱㐱䑜ㅸ‱敄潭㄰䑜扥杵䑜ㅸ搰浥ㅯ氮扩਍㩃啜敳獲灜慮䑜捯浵湥獴呜慥档湩屧千匴〷‶敒污楴敭䌠浯異整⁲片灡楨獣祜慥ㅲㄳ尴硄ㄱ䐠浥は就敄畢屧硄〱敤潭⸱硥൰䌊尺獕牥屳湰屡潄畣敭瑮屳敔捡楨杮䍜㑓㝓㘰删慥瑬浩⁥潃灭瑵牥䜠慲桰捩屳敹牡㌱㐱䑜ㅸ‱敄潭㄰䑜扥杵䑜ㅸ搰浥ㅯ攮灸਍䍞尺獕牥屳湰屡潄畣敭瑮屳敔捡楨杮䍜㑓㝓㘰删慥瑬浩⁥潃灭瑵牥䜠慲桰捩屳敹牡㌱㐱䑜ㅸ‱敄潭㄰䑜ㅸ搰浥ㅯ瘮硣牰橯਍㩃啜敳獲灜慮䑜捯浵湥獴呜慥档湩屧千匴〷‶敒污楴敭䌠浯異整⁲片灡楨獣祜慥ㅲㄳ尴硄ㄱ䐠浥は就敄畢屧硄〱敤潭⸱楬ൢ䌊尺獕牥屳湰屡潄畣敭瑮屳敔捡楨杮䍜㑓㝓㘰删慥瑬浩⁥潃灭瑵牥䜠慲桰捩屳敹牡㌱㐱䑜ㅸ‱敄潭㄰䑜扥杵䑜ㅸ搰浥ㅯ氮扩਍㩃啜敳獲灜慮䑜捯浵湥獴呜慥档湩屧千匴〷‶敒污楴敭䌠浯異整⁲片灡楨獣祜慥ㅲㄳ尴硄ㄱ䐠浥は就敄畢屧硄〱敤潭⸱硥൰䌊尺獕牥屳湰屡潄畣敭瑮屳敔捡楨杮䍜㑓㝓㘰删慥瑬浩⁥潃灭瑵牥䜠慲桰捩屳敹牡㌱㐱䑜ㅸ‱敄潭㄰䑜扥杵䑜ㅸ搰浥ㅯ攮灸਍䍞尺獕牥屳湰屡潄畣敭瑮屳敔捡楨杮䍜㑓㝓㘰删慥瑬浩⁥潃灭瑵牥䜠慲桰捩屳敹牡㌱㐱䑜ㅸ‱敄潭㄰䑜ㅸ搰浥ㅯ瘮硣牰橯਍㩃啜敳獲灜慮䑜捯浵湥獴呜慥档湩屧千匴〷‶敒污楴敭䌠浯異整⁲片灡楨獣祜慥ㅲㄳ尴硄ㄱ䐠浥は就敄畢屧硄〱敤潭⸱楬ൢ䌊尺獕牥屳湰屡潄畣敭瑮屳敔捡楨杮䍜㑓㝓㘰删慥瑬浩⁥潃灭瑵牥䜠慲桰捩屳敹牡㌱㐱䑜ㅸ‱敄潭㄰䑜扥杵䑜ㅸ搰浥ㅯ氮扩਍㩃啜敳獲灜慮䑜捯浵湥獴呜慥档湩屧千匴〷‶敒污楴敭䌠浯異整⁲片灡楨獣祜慥ㅲㄳ尴硄ㄱ䐠浥は就敄畢屧硄〱敤潭⸱硥൰䌊尺獕牥屳湰屡潄畣敭瑮屳敔捡楨杮䍜㑓㝓㘰删慥瑬浩⁥潃灭瑵牥䜠慲桰捩屳敹牡㌱㐱䑜ㅸ‱敄潭㄰䑜扥杵䑜ㅸ搰浥ㅯ攮灸਍䍞尺獕牥屳湰屡潄畣敭瑮屳敔捡楨杮䍜㑓㝓㘰删慥瑬浩⁥潃灭瑵牥䜠慲桰捩屳敹牡㌱㐱䑜ㅸ‱敄潭㄰䑜ㅸ搰浥ㅯ瘮硣牰橯਍㩃啜敳獲灜慮䑜捯浵湥獴呜慥档湩屧千匴〷‶敒污楴敭䌠浯異整⁲片灡楨獣祜慥ㅲㄳ尴硄ㄱ䐠浥は就敄畢屧硄〱敤潭⸱楬ൢ䌊尺獕牥屳湰屡潄畣敭瑮屳敔捡楨杮䍜㑓㝓㘰删慥瑬浩⁥潃灭瑵牥䜠慲桰捩屳敹牡㌱㐱䑜ㅸ‱敄潭㄰䑜扥杵䑜ㅸ搰浥ㅯ氮扩਍㩃啜敳獲灜慮䑜捯浵湥獴呜慥档湩屧千匴〷‶敒污楴敭䌠浯異整⁲片灡楨獣祜慥ㅲㄳ尴硄ㄱ䐠浥は就敄畢屧硄〱敤潭⸱硥൰䌊尺獕牥屳湰屡潄畣敭瑮屳敔捡楨杮䍜㑓㝓㘰删慥瑬浩⁥潃灭瑵牥䜠慲桰捩屳敹牡㌱㐱䑜ㅸ‱敄潭㄰䑜扥杵䑜ㅸ搰浥ㅯ攮灸਍䍞尺獕牥屳湰屡潄畣敭瑮屳敔捡楨杮䍜㑓㝓㘰删慥瑬浩⁥潃灭瑵牥䜠慲桰捩屳敹牡㌱㐱䑜ㅸ‱敄潭㄰䑜ㅸ搰浥ㅯ瘮硣牰橯਍㩃啜敳獲灜慮䑜捯浵湥獴呜慥档湩屧千匴〷‶敒污楴敭䌠浯異整⁲片灡楨獣祜慥ㅲㄳ尴硄ㄱ䐠浥は就敄畢屧硄〱敤潭⸱楬ൢ䌊尺獕牥屳湰屡潄畣敭瑮屳敔捡楨杮䍜㑓㝓㘰删慥瑬浩⁥潃灭瑵牥䜠慲桰捩屳敹牡㌱㐱䑜ㅸ‱敄潭㄰䑜扥杵䑜ㅸ搰浥ㅯ氮扩਍㩃啜敳獲灜慮䑜捯浵湥獴呜慥档湩屧千匴〷‶敒污楴敭䌠浯異整⁲片灡楨獣祜慥ㅲㄳ尴硄ㄱ䐠浥は就敄畢屧硄〱敤潭⸱硥൰䌊尺獕牥屳湰屡潄畣敭瑮屳敔捡楨杮䍜㑓㝓㘰删慥瑬浩⁥潃灭瑵牥䜠慲桰捩屳敹牡㌱㐱䑜ㅸ‱敄潭㄰䑜扥杵䑜ㅸ搰浥ㅯ攮灸਍䍞尺獕牥屳湰屡潄畣敭瑮屳敔捡楨杮䍜㑓㝓㘰删慥瑬浩⁥潃灭瑵牥䜠慲桰捩屳敹牡㌱㐱䑜ㅸ‱敄潭㄰䑜ㅸ搰浥ㅯ瘮硣牰橯਍㩃啜敳獲灜慮䑜捯浵湥獴呜慥档湩屧千匴〷‶敒污楴敭䌠浯異整⁲片灡楨獣祜慥ㅲㄳ尴硄ㄱ䐠浥は就敄畢屧硄〱敤潭⸱楬ൢ䌊尺獕牥屳湰屡潄畣敭瑮屳敔捡楨杮䍜㑓㝓㘰删慥瑬浩⁥潃灭瑵牥䜠慲桰捩屳敹牡㌱㐱䑜ㅸ‱敄潭㄰䑜扥杵䑜ㅸ搰浥ㅯ氮扩਍㩃啜敳獲灜慮䑜捯浵湥獴呜慥档湩屧千匴〷‶敒污楴敭䌠浯異整⁲片灡楨獣祜慥ㅲㄳ尴硄ㄱ䐠浥は就敄畢屧硄〱敤潭⸱硥൰䌊尺獕牥屳湰屡潄畣敭瑮屳敔捡楨杮䍜㑓㝓㘰删慥瑬浩⁥潃灭瑵牥䜠慲桰捩屳敹牡㌱㐱䑜ㅸ‱敄潭㄰䑜扥杵䑜ㅸ搰浥ㅯ攮灸਍䍞尺獕牥屳湰屡潄畣敭瑮屳敔捡楨杮䍜㑓㝓㘰删慥瑬浩⁥潃灭瑵牥䜠慲桰捩屳敹牡㌱㐱䑜ㅸ‱敄潭㄰䑜ㅸ搰浥ㅯ瘮硣牰橯਍㩃啜敳獲灜慮䑜捯浵湥獴呜慥档湩屧千匴〷‶敒污楴敭䌠浯異整⁲片灡楨獣祜慥ㅲㄳ尴硄ㄱ䐠浥は就敄畢屧硄〱敤潭⸱楬ൢ䌊尺獕牥屳湰屡潄畣敭瑮屳敔捡楨杮䍜㑓㝓㘰删慥瑬浩⁥潃灭瑵牥䜠慲桰捩屳敹牡㌱㐱䑜ㅸ‱敄潭㄰䑜扥杵䑜ㅸ搰浥ㅯ氮扩਍㩃啜敳獲灜慮䑜捯浵湥獴呜慥档湩屧千匴〷‶敒污楴敭䌠浯異整⁲片灡楨獣祜慥ㅲㄳ尴硄ㄱ䐠浥は就敄畢屧硄〱敤潭⸱硥൰䌊尺獕牥屳湰屡潄畣敭瑮屳敔捡楨杮䍜㑓㝓㘰删慥瑬浩⁥潃灭瑵牥䜠慲桰捩屳敹牡㌱㐱䑜ㅸ‱敄潭㄰䑜扥杵䑜ㅸ搰浥ㅯ攮灸਍䍞尺獕牥屳湰屡潄畣敭瑮屳敔捡楨杮䍜㑓㝓㘰删慥瑬浩⁥潃灭瑵牥䜠慲桰捩屳敹牡㌱㐱䑜ㅸ‱敄潭㄰䑜ㅸ搰浥ㅯ瘮硣牰橯਍㩃啜敳獲灜慮䑜捯浵湥獴呜慥档湩屧千匴〷‶敒污楴敭䌠浯異整⁲片灡楨獣祜慥ㅲㄳ尴硄ㄱ䐠浥は就敄畢屧硄〱敤潭⸱楬ൢ䌊尺獕牥屳湰屡潄畣敭瑮屳敔捡楨杮䍜㑓㝓㘰删慥瑬浩⁥潃灭瑵牥䜠慲桰捩屳敹牡㌱㐱䑜ㅸ‱敄潭㄰䑜扥杵䑜ㅸ搰浥ㅯ氮扩਍㩃啜敳獲灜慮䑜捯浵湥獴呜慥档湩屧千匴〷‶敒污楴敭䌠浯異整⁲片灡楨獣祜慥ㅲㄳ尴硄ㄱ䐠浥は就敄畢屧硄〱敤潭⸱硥൰䌊尺獕牥屳湰屡潄畣敭瑮屳敔捡楨杮䍜㑓㝓㘰删慥瑬浩⁥潃灭瑵牥䜠慲桰捩屳敹牡㌱㐱䑜ㅸ‱敄潭㄰䑜扥杵䑜ㅸ搰浥ㅯ攮灸਍䍞尺獕牥屳湰屡潄畣敭瑮屳敔捡楨杮䍜㑓㝓㘰删慥瑬浩⁥潃灭瑵牥䜠慲桰捩屳敹牡㌱㐱䑜ㅸ‱敄潭㄰䑜ㅸ搰浥ㅯ瘮硣牰橯਍㩃啜敳獲灜慮䑜捯浵湥獴呜慥档湩屧千匴〷‶敒污楴敭䌠浯異整⁲片灡楨獣祜慥ㅲㄳ尴硄ㄱ䐠浥は就敄畢屧硄〱敤潭⸱楬ൢ䌊尺獕牥屳湰屡潄畣敭瑮屳敔捡楨杮䍜㑓㝓㘰删慥瑬浩⁥潃灭瑵牥䜠慲桰捩屳敹牡㌱㐱䑜ㅸ‱敄潭㄰䑜扥杵䑜ㅸ搰浥ㅯ氮扩਍㩃啜敳獲灜慮䑜捯浵湥獴呜慥档湩屧千匴〷‶敒污楴敭䌠浯異整⁲片灡楨獣祜慥ㅲㄳ尴硄ㄱ䐠浥は就敄畢屧硄〱敤潭⸱硥൰䌊尺獕牥屳湰屡潄畣敭瑮屳敔捡楨杮䍜㑓㝓㘰删慥瑬浩⁥潃灭瑵牥䜠慲桰捩屳敹牡㌱㐱䑜ㅸ‱敄潭㄰䑜扥杵䑜ㅸ搰浥ㅯ攮灸਍䍞尺獕牥屳湰屡潄畣敭瑮屳敔捡楨杮䍜㑓㝓㘰删慥瑬浩⁥潃灭瑵牥䜠慲桰捩屳敹牡㌱㐱䑜ㅸ‱敄潭㄰䑜ㅸ搰浥ㅯ瘮硣牰橯਍㩃啜敳獲灜慮䑜捯浵湥獴呜慥档湩屧千匴〷‶敒污楴敭䌠浯異整⁲片灡楨獣祜慥ㅲㄳ尴硄ㄱ䐠浥は就敄畢屧硄〱敤潭⸱楬ൢ䌊尺獕牥屳湰屡潄畣敭瑮屳敔捡楨杮䍜㑓㝓㘰删慥瑬浩⁥潃灭瑵牥䜠慲桰捩屳敹牡㌱㐱䑜ㅸ‱敄潭㄰䑜扥杵䑜ㅸ搰浥ㅯ氮扩਍㩃啜敳獲灜慮䑜捯浵湥獴呜慥档湩屧千匴〷‶敒污楴敭䌠浯異整⁲片灡楨獣祜慥ㅲㄳ尴硄ㄱ䐠浥は就敄畢屧硄〱敤潭⸱硥൰䌊尺獕牥屳湰屡潄畣敭瑮屳敔捡楨杮䍜㑓㝓㘰删慥瑬浩⁥潃灭瑵牥䜠慲桰捩屳敹牡㌱㐱䑜ㅸ‱敄潭㄰䑜扥杵䑜ㅸ搰浥ㅯ攮灸਍䍞尺獕牥屳湰屡潄畣敭瑮屳敔捡楨杮䍜㑓㝓㘰删慥瑬浩⁥潃灭瑵牥䜠慲桰捩屳敹牡㌱㐱䑜ㅸ‱敄潭㄰䑜ㅸ搰浥ㅯ瘮硣牰橯਍㩃啜敳獲灜慮䑜捯浵湥獴呜慥档湩屧千匴〷‶敒污楴敭䌠浯異整⁲片灡楨獣祜慥ㅲㄳ尴硄ㄱ䐠浥は就敄畢屧硄〱敤潭⸱楬ൢ䌊尺獕牥屳湰屡潄畣敭瑮屳敔捡楨杮䍜㑓㝓㘰删慥瑬浩⁥潃灭瑵牥䜠慲桰捩屳敹牡㌱㐱䑜ㅸ‱敄潭㄰䑜扥杵䑜ㅸ搰浥ㅯ氮扩਍㩃啜敳獲灜慮䑜捯浵湥獴呜慥档湩屧千匴〷‶敒污楴敭䌠浯異整⁲片灡楨獣祜慥ㅲㄳ尴硄ㄱ䐠浥は就敄畢屧硄〱敤潭⸱硥൰䌊尺獕牥屳湰屡潄畣敭瑮屳敔捡楨杮䍜㑓㝓㘰删慥瑬浩⁥潃灭瑵牥䜠慲桰捩屳敹牡㌱㐱䑜ㅸ‱敄潭㄰䑜扥杵䑜ㅸ搰浥ㅯ攮灸਍䍞尺獕牥屳湰屡潄畣敭瑮屳敔捡楨杮䍜㑓㝓㘰删慥瑬浩⁥潃灭瑵牥䜠慲桰捩屳敹牡㌱㐱䑜ㅸ‱敄潭㄰䑜ㅸ搰浥ㅯ瘮硣牰橯਍㩃啜敳獲灜慮䑜捯浵湥獴呜慥档湩屧千匴〷‶敒污楴敭䌠浯異整⁲片灡楨獣祜慥ㅲㄳ尴硄ㄱ䐠浥は就敄畢屧硄〱敤潭⸱楬ൢ䌊尺獕牥屳湰屡潄畣敭瑮屳敔捡楨杮䍜㑓㝓㘰删慥瑬浩⁥潃灭瑵牥䜠慲桰捩屳敹牡㌱㐱䑜ㅸ‱敄潭㄰䑜扥杵䑜ㅸ搰浥ㅯ氮扩਍㩃啜敳獲灜慮䑜捯浵湥獴呜慥档湩屧千匴〷‶敒污楴敭䌠浯異整⁲片灡楨獣祜慥ㅲㄳ尴硄ㄱ䐠浥は就敄畢屧硄〱敤潭⸱硥൰䌊尺獕牥屳湰屡潄畣敭瑮屳敔捡楨杮䍜㑓㝓㘰删慥瑬浩⁥潃灭瑵牥䜠慲桰捩屳敹牡㌱㐱䑜ㅸ‱敄潭㄰䑜扥杵䑜ㅸ搰浥ㅯ攮灸਍䍞尺獕牥屳湰屡潄畣敭瑮屳敔捡楨杮䍜㑓㝓㘰删慥瑬浩⁥潃灭瑵牥䜠慲桰捩屳敹牡㌱㐱䑜ㅸ‱敄潭㄰䑜ㅸ搰浥ㅯ瘮硣牰橯਍㩃啜敳獲灜慮䑜捯浵湥獴呜慥档湩屧千匴〷‶敒污楴敭䌠浯異整⁲片灡楨獣祜慥ㅲㄳ尴硄ㄱ䐠浥は就敄畢屧硄〱敤潭⸱楬ൢ䌊尺獕牥屳湰屡潄畣敭瑮屳敔捡楨杮䍜㑓㝓㘰删慥瑬浩⁥潃灭瑵牥䜠慲桰捩屳敹牡㌱㐱䑜ㅸ‱敄潭㄰䑜扥杵䑜ㅸ搰浥ㅯ氮扩਍㩃啜敳獲灜慮䑜捯浵湥獴呜慥档湩屧千匴〷‶敒污楴敭䌠浯異整⁲片灡楨獣祜慥ㅲㄳ尴硄ㄱ䐠浥は就敄畢屧硄〱敤潭⸱硥൰䌊尺獕牥屳湰屡潄畣敭瑮屳敔捡楨杮䍜㑓㝓㘰删慥瑬浩⁥潃灭瑵牥䜠慲桰捩屳敹牡㌱㐱䑜ㅸ‱敄潭㄰䑜扥杵䑜ㅸ搰浥ㅯ攮灸਍䍞尺獕牥屳湰屡潄畣敭瑮屳敔捡楨杮䍜㑓㝓㘰删慥瑬浩⁥潃灭瑵牥䜠慲桰捩屳敹牡㌱㐱䑜ㅸ‱敄潭㄰䑜ㅸ搰浥ㅯ瘮硣牰橯਍㩃啜敳獲灜慮䑜捯浵湥獴呜慥档湩屧千匴〷‶敒污楴敭䌠浯異整⁲片灡楨獣祜慥ㅲㄳ尴硄ㄱ䐠浥は就敄畢屧硄〱敤潭⸱楬ൢ䌊尺獕牥屳湰屡潄畣敭瑮屳敔捡楨杮䍜㑓㝓㘰删慥瑬浩⁥潃灭瑵牥䜠慲桰捩屳敹牡㌱㐱䑜ㅸ‱敄潭㄰䑜扥杵䑜ㅸ搰浥ㅯ氮扩਍㩃啜敳獲灜慮䑜捯浵湥獴呜慥档湩屧千匴〷‶敒污楴敭䌠浯異整⁲片灡楨獣祜慥ㅲㄳ尴硄ㄱ䐠浥は就敄畢屧硄〱敤潭⸱硥൰䌊尺獕牥屳湰屡潄畣敭瑮屳敔捡楨杮䍜㑓㝓㘰删慥瑬浩⁥潃灭瑵牥䜠慲桰捩屳敹牡㌱㐱䑜ㅸ‱敄潭㄰䑜扥杵䑜ㅸ搰浥ㅯ攮灸਍䍞尺獕牥屳湰屡潄畣敭瑮屳敔捡楨杮䍜㑓㝓㘰删慥瑬浩⁥潃灭瑵牥䜠慲桰捩屳敹牡㌱㐱䑜ㅸ‱敄潭㄰䑜ㅸ搰浥ㅯ瘮硣牰橯਍㩃啜敳獲灜慮䑜捯浵湥獴呜慥档湩屧千匴〷‶敒污楴敭䌠浯異整⁲片灡楨獣祜慥ㅲㄳ尴硄ㄱ䐠浥は就敄畢屧硄〱敤潭⸱楬ൢ䌊尺獕牥屳湰屡潄畣敭瑮屳敔捡楨杮䍜㑓㝓㘰删慥瑬浩⁥潃灭瑵牥䜠慲桰捩屳敹牡㌱㐱䑜ㅸ‱敄潭㄰䑜扥杵䑜ㅸ搰浥ㅯ氮扩਍㩃啜敳獲灜慮䑜捯浵湥獴呜慥档湩屧千匴〷‶敒污楴敭䌠浯異整⁲片灡楨獣祜慥ㅲㄳ尴硄ㄱ䐠浥は就敄畢屧硄〱敤潭⸱硥൰䌊尺獕牥屳湰屡潄畣敭瑮屳敔捡楨杮䍜㑓㝓㘰删慥瑬浩⁥潃灭瑵牥䜠慲桰捩屳敹牡㌱㐱䑜ㅸ‱敄潭㄰䑜扥杵䑜ㅸ搰浥ㅯ攮灸਍䍞尺獕牥屳湰屡潄畣敭瑮屳敔捡楨杮䍜㑓㝓㘰删慥瑬浩⁥潃灭瑵牥䜠慲桰捩屳敹牡㌱㐱䑜ㅸ‱敄潭㄰䑜ㅸ搰浥ㅯ瘮硣牰橯਍㩃啜敳獲灜慮䑜捯浵湥獴呜慥档湩屧千匴〷‶敒污楴敭䌠浯異整⁲片灡楨獣祜慥ㅲㄳ尴硄ㄱ䐠浥は就敄畢屧硄〱敤潭⸱楬ൢ䌊尺獕牥屳湰屡潄畣敭瑮屳敔捡楨杮䍜㑓㝓㘰删慥瑬浩⁥潃灭瑵牥䜠慲桰捩屳敹牡㌱㐱䑜ㅸ‱敄潭㄰䑜扥杵䑜ㅸ搰浥ㅯ氮扩਍㩃啜敳獲灜慮䑜捯浵湥獴呜慥档湩屧千匴〷‶敒污楴敭䌠浯異整⁲片灡楨獣祜慥ㅲㄳ尴硄ㄱ䐠浥は就敄畢屧硄〱敤潭⸱硥൰䌊尺獕牥屳湰屡潄畣敭瑮屳敔捡楨杮䍜㑓㝓㘰删慥瑬浩⁥潃灭瑵牥䜠慲桰捩屳敹牡㌱㐱䑜ㅸ‱敄潭㄰䑜扥杵䑜ㅸ搰浥ㅯ攮灸਍䍞尺獕牥屳湰屡潄畣敭瑮屳敔捡楨杮䍜㑓㝓㘰删慥瑬浩⁥潃灭瑵牥䜠慲桰捩屳敹牡㌱㐱䑜ㅸ‱敄潭㄰䑜ㅸ搰浥ㅯ瘮硣牰橯਍㩃啜敳獲灜慮䑜捯浵湥獴呜慥档湩屧千匴〷‶敒污楴敭䌠浯異整⁲片灡楨獣祜慥ㅲㄳ尴硄ㄱ䐠浥は就敄畢屧硄〱敤潭⸱楬ൢ䌊尺獕牥屳湰屡潄畣敭瑮屳敔捡楨杮䍜㑓㝓㘰删慥瑬浩⁥潃灭瑵牥䜠慲桰捩屳敹牡㌱㐱䑜ㅸ‱敄潭㄰䑜扥杵䑜ㅸ搰浥ㅯ氮扩਍㩃啜敳獲灜慮䑜捯浵湥獴呜慥档湩屧千匴〷‶敒污楴敭䌠浯異整⁲片灡楨獣祜慥ㅲㄳ尴硄ㄱ䐠浥は就敄畢屧硄〱敤潭⸱硥൰䌊尺獕牥屳湰屡潄畣敭瑮屳敔捡楨杮䍜㑓㝓㘰删慥瑬浩⁥潃灭瑵牥䜠慲桰捩屳敹牡㌱㐱䑜ㅸ‱敄潭㄰䑜扥杵䑜ㅸ搰浥ㅯ攮灸਍䍞尺獕牥屳湰屡潄畣敭瑮屳敔捡楨杮䍜㑓㝓㘰删慥瑬浩⁥潃灭瑵牥䜠慲桰捩屳敹牡㌱㐱䑜ㅸ‱敄潭㄰䑜ㅸ搰浥ㅯ瘮硣牰橯਍㩃啜敳獲灜慮䑜捯浵湥獴呜慥档湩屧千匴〷‶敒污楴敭䌠浯異整⁲片灡楨獣祜慥ㅲㄳ尴硄ㄱ䐠浥は就敄畢屧硄〱敤潭⸱楬ൢ䌊尺獕牥屳湰屡潄畣敭瑮屳敔捡楨杮䍜㑓㝓㘰删慥瑬浩⁥潃灭瑵牥䜠慲桰捩屳敹牡㌱㐱䑜ㅸ‱敄潭㄰䑜扥杵䑜ㅸ搰浥ㅯ氮扩਍㩃啜敳獲灜慮䑜捯浵湥獴呜慥档湩屧千匴〷‶敒污楴敭䌠浯異整⁲片灡楨獣祜慥ㅲㄳ尴硄ㄱ䐠浥は就敄畢屧硄〱敤潭⸱硥൰䌊尺獕牥屳湰屡潄畣敭瑮屳敔捡楨杮䍜㑓㝓㘰删慥瑬浩⁥潃灭瑵牥䜠慲桰捩屳敹牡㌱㐱䑜ㅸ‱敄潭㄰䑜扥杵䑜ㅸ搰浥ㅯ攮灸਍䍞尺獕牥屳湰屡潄畣敭瑮屳敔捡楨杮䍜㑓㝓㘰删慥瑬浩⁥潃灭瑵牥䜠慲桰捩屳敹牡㌱㐱䑜ㅸ‱敄潭㄰䑜ㅸ搰浥ㅯ瘮硣牰橯਍㩃啜敳獲灜慮䑜捯浵湥獴呜慥档湩屧千匴〷‶敒污楴敭䌠浯異整⁲片灡楨獣祜慥ㅲㄳ尴硄ㄱ䐠浥は就敄畢屧硄〱敤潭⸱楬ൢ䌊尺獕牥屳湰屡潄畣敭瑮屳敔捡楨杮䍜㑓㝓㘰删慥瑬浩⁥潃灭瑵牥䜠慲桰捩屳敹牡㌱㐱䑜ㅸ‱敄潭㄰䑜扥杵䑜ㅸ搰浥ㅯ氮扩਍㩃啜敳獲灜慮䑜捯浵湥獴呜慥档湩屧千匴〷‶敒污楴敭䌠浯異整⁲片灡楨獣祜慥ㅲㄳ尴硄ㄱ䐠浥は就敄畢屧硄〱敤潭⸱硥൰䌊尺獕牥屳湰屡潄畣敭瑮屳敔捡楨杮䍜㑓㝓㘰删慥瑬浩⁥潃灭瑵牥䜠慲桰捩屳敹牡㌱㐱䑜ㅸ‱敄潭㄰䑜扥杵䑜ㅸ搰浥ㅯ攮灸਍䍞尺獕牥屳湰屡潄畣敭瑮屳敔捡楨杮䍜㑓㝓㘰删慥瑬浩⁥潃灭瑵牥䜠慲桰捩屳敹牡㌱㐱䑜ㅸ‱敄潭㄰䑜ㅸ搰浥ㅯ瘮硣牰橯਍㩃啜敳獲灜慮䑜捯浵湥獴呜慥档湩屧千匴〷‶敒污楴敭䌠浯異整⁲片灡楨獣祜慥ㅲㄳ尴硄ㄱ䐠浥は就敄畢屧硄〱敤潭⸱楬ൢ䌊尺獕牥屳湰屡潄畣敭瑮屳敔捡楨杮䍜㑓㝓㘰删慥瑬浩⁥潃灭瑵牥䜠慲桰捩屳敹牡㌱㐱䑜ㅸ‱敄潭㄰䑜扥杵䑜ㅸ搰浥ㅯ氮扩਍㩃啜敳獲灜慮䑜捯浵湥獴呜慥档湩屧千匴〷‶敒污楴敭䌠浯異整⁲片灡楨獣祜慥ㅲㄳ尴硄ㄱ䐠浥は就敄畢屧硄〱敤潭⸱硥൰䌊尺獕牥屳湰屡潄畣敭瑮屳敔捡楨杮䍜㑓㝓㘰删慥瑬浩⁥潃灭瑵牥䜠慲桰捩屳敹牡㌱㐱䑜ㅸ‱敄潭㄰䑜扥杵䑜ㅸ搰浥ㅯ攮灸਍䍞尺獕牥屳湰屡潄畣敭瑮屳敔捡楨杮䍜㑓㝓㘰删慥瑬浩⁥潃灭瑵牥䜠慲桰捩屳敹牡㌱㐱䑜ㅸ‱敄潭㄰䑜ㅸ搰浥ㅯ瘮硣牰橯਍㩃啜敳獲灜慮䑜捯浵湥獴呜慥档湩屧千匴〷‶敒污楴敭䌠浯異整⁲片灡楨獣祜慥ㅲㄳ尴硄ㄱ䐠浥は就敄畢屧硄〱敤潭⸱楬ൢ䌊尺獕牥屳湰屡潄畣敭瑮屳敔捡楨杮䍜㑓㝓㘰删慥瑬浩⁥潃灭瑵牥䜠慲桰捩屳敹牡㌱㐱䑜ㅸ‱敄潭㄰䑜扥杵䑜ㅸ搰浥ㅯ氮扩਍㩃啜敳獲灜慮䑜捯浵湥獴呜慥档湩屧千匴〷‶敒污楴敭䌠浯異整⁲片灡楨獣祜慥ㅲㄳ尴硄ㄱ䐠浥は就敄畢屧硄〱敤潭⸱硥൰䌊尺獕牥屳湰屡潄畣敭瑮屳敔捡楨杮䍜㑓㝓㘰删慥瑬浩⁥潃灭瑵牥䜠慲桰捩屳敹牡㌱㐱䑜ㅸ‱敄潭㄰䑜扥杵䑜ㅸ搰浥ㅯ攮灸਍䍞尺獕牥屳湰屡潄畣敭瑮屳敔捡楨杮䍜㑓㝓㘰删慥瑬浩⁥潃灭瑵牥䜠慲桰捩屳敹牡㌱㐱䑜ㅸ‱敄潭㄰䑜ㅸ搰浥ㅯ瘮硣牰橯਍㩃啜敳獲灜慮䑜捯浵湥獴呜慥档湩屧千匴〷‶敒污楴敭䌠浯異整⁲片灡楨獣祜慥ㅲㄳ尴硄ㄱ䐠浥は就敄畢屧硄〱敤潭⸱楬ൢ䌊尺獕牥屳湰屡潄畣敭瑮屳敔捡楨杮䍜㑓㝓㘰删慥瑬浩⁥潃灭瑵牥䜠慲桰捩屳敹牡㌱㐱䑜ㅸ‱敄潭㄰䑜扥杵䑜ㅸ搰浥ㅯ氮扩਍㩃啜敳獲灜慮䑜捯浵湥獴呜慥档湩屧千匴〷‶敒污楴敭䌠浯異整⁲片灡楨獣祜慥ㅲㄳ尴硄ㄱ䐠浥は就敄畢屧硄〱敤潭⸱硥൰䌊尺獕牥屳湰屡潄畣敭瑮屳敔捡楨杮䍜㑓㝓㘰删慥瑬浩⁥潃灭瑵牥䜠慲桰捩屳敹牡㌱㐱䑜ㅸ‱敄潭㄰䑜扥杵䑜ㅸ搰浥ㅯ攮灸਍䍞尺獕牥屳湰屡潄畣敭瑮屳敔捡楨杮䍜㑓㝓㘰删慥瑬浩⁥潃灭瑵牥䜠慲桰捩屳敹牡㌱㐱䑜ㅸ‱敄潭㄰䑜ㅸ搰浥ㅯ瘮硣牰橯਍㩃啜敳獲灜慮䑜捯浵湥獴呜慥档湩屧千匴〷‶敒污楴敭䌠浯異整⁲片灡楨獣祜慥ㅲㄳ尴硄ㄱ䐠浥は就敄畢屧硄〱敤潭⸱楬ൢ䌊尺獕牥屳湰屡潄畣敭瑮屳敔捡楨杮䍜㑓㝓㘰删慥瑬浩⁥潃灭瑵牥䜠慲桰捩屳敹牡㌱㐱䑜ㅸ‱敄潭㄰䑜扥杵䑜ㅸ搰浥ㅯ氮扩਍㩃啜敳獲灜慮䑜捯浵湥獴呜慥档湩屧千匴〷‶敒污楴敭䌠浯異整⁲片灡楨獣祜慥ㅲㄳ尴硄ㄱ䐠浥は就敄畢屧硄〱敤潭⸱硥൰䌊尺獕牥屳湰屡潄畣敭瑮屳敔捡楨杮䍜㑓㝓㘰删慥瑬浩⁥潃灭瑵牥䜠慲桰捩屳敹牡㌱㐱䑜ㅸ‱敄潭㄰䑜扥杵䑜ㅸ搰浥ㅯ攮灸਍
C:\USERS\PNA\DOCUMENTS\TEACHING\CS4S706 REALTIME COMPUTER GRAPHICS\YEAR1314\DX11 DEMO01\DEBUG\DX10DEMO1.ILK
C:\USERS\PNA\DOCUMENTS\TEACHING\CS4S706 REALTIME COMPUTER GRAPHICS\YEAR1314\DX11 DEMO01\DEBUG\DX10DEMO1.EXE
C:\USERS\PNA\DOCUMENTS\TEACHING\CS4S706 REALTIME COMPUTER GRAPHICS\YEAR1314\DX11 DEMO01\DEBUG\DX10DEMO1.EXE.INTERMEDIATE.MANIFEST
C:\USERS\PNA\DOCUMENTS\TEACHING\CS4S706 REALTIME COMPUTER GRAPHICS\YEAR1314\DX11 DEMO01\DEBUG\DX10DEMO1.PDB
C:\USERS\PNA\DOCUMENTS\TEACHING\CS4S706 REALTIME COMPUTER GRAPHICS\YEAR1314\DX11 DEMO01\DEBUG\DX10DEMO1.EXE.EMBED.MANIFEST
C:\USERS\PNA\DOCUMENTS\TEACHING\CS4S706 REALTIME COMPUTER GRAPHICS\YEAR1314\DX11 DEMO01\DEBUG\DX10DEMO1.EXE.EMBED.MANIFEST.RES
C:\Users\pna\Documents\Teaching\CS4S706 Realtime Computer Graphics\year1314\Dx11 Demo01b\Debug\CGBaseModel.obj
C:\Users\pna\Documents\Teaching\CS4S706 Realtime Computer Graphics\year1314\Dx11 Demo01b\Debug\CGClock.obj
C:\Users\pna\Documents\Teaching\CS4S706 Realtime Computer Graphics\year1314\Dx11 Demo01b\Debug\CGCube.obj
C:\Users\pna\Documents\Teaching\CS4S706 Realtime Computer Graphics\year1314\Dx11 Demo01b\Debug\CGModelInstance.obj
C:\Users\pna\Documents\Teaching\CS4S706 Realtime Computer Graphics\year1314\Dx11 Demo01b\Debug\CGObject.obj
C:\Users\pna\Documents\Teaching\CS4S706 Realtime Computer Graphics\year1314\Dx11 Demo01b\Debug\CGOutputMergerStage.obj
C:\Users\pna\Documents\Teaching\CS4S706 Realtime Computer Graphics\year1314\Dx11 Demo01b\Debug\CGPipeline.obj
C:\Users\pna\Documents\Teaching\CS4S706 Realtime Computer Graphics\year1314\Dx11 Demo01b\Debug\CGPrincipleAxes.obj
C:\Users\pna\Documents\Teaching\CS4S706 Realtime Computer Graphics\year1314\Dx11 Demo01b\Debug\CGPyramid.obj
C:\Users\pna\Documents\Teaching\CS4S706 Realtime Computer Graphics\year1314\Dx11 Demo01b\Debug\CGTextureLoader.obj
C:\Users\pna\Documents\Teaching\CS4S706 Realtime Computer Graphics\year1314\Dx11 Demo01b\Debug\CGVertexBasic.obj
C:\Users\pna\Documents\Teaching\CS4S706 Realtime Computer Graphics\year1314\Dx11 Demo01b\Debug\CGVertexExt.obj
C:\Users\pna\Documents\Teaching\CS4S706 Realtime Computer Graphics\year1314\Dx11 Demo01b\Debug\HLSLFactory.obj
C:\Users\pna\Documents\Teaching\CS4S706 Realtime Computer Graphics\year1314\Dx11 Demo01b\Debug\main.obj
C:\Users\pna\Documents\Teaching\CS4S706 Realtime Computer Graphics\year1314\Dx11 Demo01b\Debug\Dx10demo1.ilk
C:\Users\pna\Documents\Teaching\CS4S706 Realtime Computer Graphics\year1314\Dx11 Demo01b\Debug\cl.command.1.tlog
C:\Users\pna\Documents\Teaching\CS4S706 Realtime Computer Graphics\year1314\Dx11 Demo01b\Debug\CL.read.1.tlog
C:\Users\pna\Documents\Teaching\CS4S706 Realtime Computer Graphics\year1314\Dx11 Demo01b\Debug\CL.write.1.tlog
C:\Users\pna\Documents\Teaching\CS4S706 Realtime Computer Graphics\year1314\Dx11 Demo01b\Debug\Dx10demo1.write.1.tlog
C:\Users\pna\Documents\Teaching\CS4S706 Realtime Computer Graphics\year1314\Dx11 Demo01b\Debug\link-cvtres.read.1.tlog
C:\Users\pna\Documents\Teaching\CS4S706 Realtime Computer Graphics\year1314\Dx11 Demo01b\Debug\link-cvtres.write.1.tlog
C:\Users\pna\Documents\Teaching\CS4S706 Realtime Computer Graphics\year1314\Dx11 Demo01b\Debug\link.1976-cvtres.read.1.tlog
C:\Users\pna\Documents\Teaching\CS4S706 Realtime Computer Graphics\year1314\Dx11 Demo01b\Debug\link.1976-cvtres.write.1.tlog
C:\Users\pna\Documents\Teaching\CS4S706 Realtime Computer Graphics\year1314\Dx11 Demo01b\Debug\link.1976.read.1.tlog
C:\Users\pna\Documents\Teaching\CS4S706 Realtime Computer Graphics\year1314\Dx11 Demo01b\Debug\link.1976.write.1.tlog
C:\Users\pna\Documents\Teaching\CS4S706 Realtime Computer Graphics\year1314\Dx11 Demo01b\Debug\link.3796-cvtres.read.1.tlog
C:\Users\pna\Documents\Teaching\CS4S706 Realtime Computer Graphics\year1314\Dx11 Demo01b\Debug\link.3796-cvtres.write.1.tlog
C:\Users\pna\Documents\Teaching\CS4S706 Realtime Computer Graphics\year1314\Dx11 Demo01b\Debug\link.3796.read.1.tlog
C:\Users\pna\Documents\Teaching\CS4S706 Realtime Computer Graphics\year1314\Dx11 Demo01b\Debug\link.3796.write.1.tlog
C:\Users\pna\Documents\Teaching\CS4S706 Realtime Computer Graphics\year1314\Dx11 Demo01b\Debug\link.4848-cvtres.read.1.tlog
C:\Users\pna\Documents\Teaching\CS4S706 Realtime Computer Graphics\year1314\Dx11 Demo01b\Debug\link.4848-cvtres.write.1.tlog
C:\Users\pna\Documents\Teaching\CS4S706 Realtime Computer Graphics\year1314\Dx11 Demo01b\Debug\link.4848.read.1.tlog
C:\Users\pna\Documents\Teaching\CS4S706 Realtime Computer Graphics\year1314\Dx11 Demo01b\Debug\link.4848.write.1.tlog
C:\Users\pna\Documents\Teaching\CS4S706 Realtime Computer Graphics\year1314\Dx11 Demo01b\Debug\link.5496-cvtres.read.1.tlog
C:\Users\pna\Documents\Teaching\CS4S706 Realtime Computer Graphics\year1314\Dx11 Demo01b\Debug\link.5496-cvtres.write.1.tlog
C:\Users\pna\Documents\Teaching\CS4S706 Realtime Computer Graphics\year1314\Dx11 Demo01b\Debug\link.5496.read.1.tlog
C:\Users\pna\Documents\Teaching\CS4S706 Realtime Computer Graphics\year1314\Dx11 Demo01b\Debug\link.5496.write.1.tlog
C:\Users\pna\Documents\Teaching\CS4S706 Realtime Computer Graphics\year1314\Dx11 Demo01b\Debug\link.8468-cvtres.read.1.tlog
C:\Users\pna\Documents\Teaching\CS4S706 Realtime Computer Graphics\year1314\Dx11 Demo01b\Debug\link.8468-cvtres.write.1.tlog
C:\Users\pna\Documents\Teaching\CS4S706 Realtime Computer Graphics\year1314\Dx11 Demo01b\Debug\link.8468.read.1.tlog
C:\Users\pna\Documents\Teaching\CS4S706 Realtime Computer Graphics\year1314\Dx11 Demo01b\Debug\link.8468.write.1.tlog
C:\Users\pna\Documents\Teaching\CS4S706 Realtime Computer Graphics\year1314\Dx11 Demo01b\Debug\link.9340-cvtres.read.1.tlog
C:\Users\pna\Documents\Teaching\CS4S706 Realtime Computer Graphics\year1314\Dx11 Demo01b\Debug\link.9340-cvtres.write.1.tlog
C:\Users\pna\Documents\Teaching\CS4S706 Realtime Computer Graphics\year1314\Dx11 Demo01b\Debug\link.9340.read.1.tlog
C:\Users\pna\Documents\Teaching\CS4S706 Realtime Computer Graphics\year1314\Dx11 Demo01b\Debug\link.9340.write.1.tlog
C:\Users\pna\Documents\Teaching\CS4S706 Realtime Computer Graphics\year1314\Dx11 Demo01b\Debug\link.9864-cvtres.read.1.tlog
C:\Users\pna\Documents\Teaching\CS4S706 Realtime Computer Graphics\year1314\Dx11 Demo01b\Debug\link.9864-cvtres.write.1.tlog
C:\Users\pna\Documents\Teaching\CS4S706 Realtime Computer Graphics\year1314\Dx11 Demo01b\Debug\link.9864.read.1.tlog
C:\Users\pna\Documents\Teaching\CS4S706 Realtime Computer Graphics\year1314\Dx11 Demo01b\Debug\link.9864.write.1.tlog
C:\Users\pna\Documents\Teaching\CS4S706 Realtime Computer Graphics\year1314\Dx11 Demo01b\Debug\link.command.1.tlog
C:\Users\pna\Documents\Teaching\CS4S706 Realtime Computer Graphics\year1314\Dx11 Demo01b\Debug\link.read.1.tlog
C:\Users\pna\Documents\Teaching\CS4S706 Realtime Computer Graphics\year1314\Dx11 Demo01b\Debug\link.write.1.tlog
C:\Users\pna\Documents\Teaching\CS4S706 Realtime Computer Graphics\year1314\Dx11 Demo01b\Debug\mt.command.1.tlog
C:\Users\pna\Documents\Teaching\CS4S706 Realtime Computer Graphics\year1314\Dx11 Demo01b\Debug\mt.read.1.tlog
C:\Users\pna\Documents\Teaching\CS4S706 Realtime Computer Graphics\year1314\Dx11 Demo01b\Debug\mt.write.1.tlog
C:\Users\pna\Documents\Teaching\CS4S706 Realtime Computer Graphics\year1314\Dx11 Demo01b\Debug\rc.command.1.tlog
C:\Users\pna\Documents\Teaching\CS4S706 Realtime Computer Graphics\year1314\Dx11 Demo01b\Debug\rc.read.1.tlog
C:\Users\pna\Documents\Teaching\CS4S706 Realtime Computer Graphics\year1314\Dx11 Demo01b\Debug\rc.write.1.tlog
C:\Users\pna\Documents\Teaching\CS4S706 Realtime Computer Graphics\year1314\Dx11 Demo01b\Debug\Dx10demo1.exe.embed.manifest
C:\Users\pna\Documents\Teaching\CS4S706 Realtime Computer Graphics\year1314\Dx11 Demo01b\Debug\Dx10demo1.exe.intermediate.manifest
C:\Users\pna\Documents\Teaching\CS4S706 Realtime Computer Graphics\year1314\Dx11 Demo01b\Debug\Dx10demo1.exe.embed.manifest.res
C:\Users\pna\Documents\Teaching\CS4S706 Realtime Computer Graphics\year1314\Dx11 Demo01b\Debug\vc100.idb
C:\Users\pna\Documents\Teaching\CS4S706 Realtime Computer Graphics\year1314\Dx11 Demo01b\Debug\Dx10demo1.pdb
C:\Users\pna\Documents\Teaching\CS4S706 Realtime Computer Graphics\year1314\Dx11 Demo01b\Debug\vc100.pdb
C:\Users\pna\Documents\Teaching\CS4S706 Realtime Computer Graphics\year1314\Dx11 Demo01b\Debug\Dx10demo1_manifest.rc
C:\Users\pna\Documents\Teaching\CS4S706 Realtime Computer Graphics\year1314\Dx11 Demo01b\Debug\Dx10demo1.exe
