Build started 10/03/2014 23:50:47.
     1>Project "C:\Users\James\Desktop\4th Year - MCOMP\Graphics\Assignment 2\Dx11 Mesh Processing\Dx11demo.vcxproj" on node 2 (Build target(s)).
     1>InitializeBuildStatus:
         Creating "Debug\Dx11demo.unsuccessfulbuild" because "AlwaysCreate" was specified.
       ClCompile:
         C:\Program Files (x86)\Microsoft Visual Studio 10.0\VC\bin\CL.exe /c /I"C:\Program Files (x86)\Microsoft DirectX SDK (June 2010)\\Include" /IEffects11 /ZI /nologo /W3 /WX- /Od /Oy- /D WIN32 /D _DEBUG /D _WINDOWS /D _UNICODE /D UNICODE /Gm /EHsc /RTC1 /MDd /GS /fp:precise /Zc:wchar_t /Zc:forScope /Fo"Debug\\" /Fd"Debug\vc100.pdb" /Gd /TP /analyze- /errorReport:prompt Source\main.cpp
         main.cpp
     1>c:\program files (x86)\microsoft visual studio 10.0\vc\include\vector(481): warning C4251: 'std::_Vector_val<_Ty,_Alloc>::_Alval' : class 'std::allocator<_Ty>' needs to have dll-interface to be used by clients of class 'std::_Vector_val<_Ty,_Alloc>'
                 with
                 [
                     _Ty=CGPolyMesh *,
                     _Alloc=std::allocator<CGPolyMesh *>
                 ]
                 and
                 [
                     _Ty=CGPolyMesh *
                 ]
                 and
                 [
                     _Ty=CGPolyMesh *,
                     _Alloc=std::allocator<CGPolyMesh *>
                 ]
                 c:\users\james\desktop\4th year - mcomp\graphics\assignment 2\dx11 mesh processing\cgmodel\cgmodel.h(12) : see reference to class template instantiation 'std::vector<_Ty>' being compiled
                 with
                 [
                     _Ty=CGPolyMesh *
                 ]
     1>c:\program files (x86)\microsoft visual studio 10.0\vc\include\vector(481): warning C4251: 'std::_Vector_val<_Ty,_Alloc>::_Alval' : class 'std::allocator<_Ty>' needs to have dll-interface to be used by clients of class 'std::_Vector_val<_Ty,_Alloc>'
                 with
                 [
                     _Ty=CGMaterial,
                     _Alloc=std::allocator<CGMaterial>
                 ]
                 and
                 [
                     _Ty=CGMaterial
                 ]
                 and
                 [
                     _Ty=CGMaterial,
                     _Alloc=std::allocator<CGMaterial>
                 ]
                 c:\users\james\desktop\4th year - mcomp\graphics\assignment 2\dx11 mesh processing\cgmodel\cgmodel.h(13) : see reference to class template instantiation 'std::vector<_Ty>' being compiled
                 with
                 [
                     _Ty=CGMaterial
                 ]
       ManifestResourceCompile:
         All outputs are up-to-date.
       Link:
         C:\Program Files (x86)\Microsoft Visual Studio 10.0\VC\bin\link.exe /ERRORREPORT:PROMPT /OUT:"C:\Users\James\Desktop\4th Year - MCOMP\Graphics\Assignment 2\Dx11 Mesh Processing\Debug\Dx11demo.exe" /INCREMENTAL /NOLOGO /LIBPATH:"C:\Program Files (x86)\Microsoft DirectX SDK (June 2010)\\Lib\x86" /LIBPATH:Effects11 CGImport3.lib CoreStructures.lib Effects11.lib d3d11.lib d3dx11d.lib D3DCompiler.lib dxerr.lib dxgi.lib dxguid.lib kernel32.lib user32.lib gdi32.lib winspool.lib comdlg32.lib advapi32.lib shell32.lib ole32.lib oleaut32.lib uuid.lib odbc32.lib odbccp32.lib /MANIFEST /ManifestFile:"Debug\Dx11demo.exe.intermediate.manifest" /MANIFESTUAC:"level='asInvoker' uiAccess='false'" /DEBUG /PDB:"C:\Users\James\Desktop\4th Year - MCOMP\Graphics\Assignment 2\Dx11 Mesh Processing\Debug\Dx11demo.pdb" /SUBSYSTEM:WINDOWS /TLBID:1 /DYNAMICBASE /NXCOMPAT /IMPLIB:"C:\Users\James\Desktop\4th Year - MCOMP\Graphics\Assignment 2\Dx11 Mesh Processing\Debug\Dx11demo.lib" /MACHINE:X86 Debug\Dx11demo.exe.embed.manifest.res
         Debug\Cloth.obj
         Debug\CShaderFactory.obj
         Debug\CGBaseModel.obj
         Debug\CGBasicGrass.obj
         Debug\CGBasicTerrain.obj
         Debug\CGCube.obj
         Debug\CGModelInstance.obj
         Debug\CGOutputMergerStage.obj
         Debug\CGPrincipleAxes.obj
         Debug\CGPyramid.obj
         Debug\CGRasteriserStage.obj
         Debug\CGSnowParticles.obj
         Debug\CGTextureLoader.obj
         Debug\CGVertexBasic.obj
         Debug\CGVertexExt.obj
         Debug\CGPipeline.obj
         Debug\HermiteCurve.obj
         Debug\HLSLFactory.obj
         Debug\main.obj
         Debug\CGClock.obj
         Debug\CGObject.obj
         Debug\Triangle.obj
       Manifest:
         C:\Program Files (x86)\Microsoft SDKs\Windows\v7.0A\bin\mt.exe /nologo /verbose /out:"Debug\Dx11demo.exe.embed.manifest" /manifest Debug\Dx11demo.exe.intermediate.manifest
         All outputs are up-to-date.
       LinkEmbedManifest:
         All outputs are up-to-date.
         Dx11demo.vcxproj -> C:\Users\James\Desktop\4th Year - MCOMP\Graphics\Assignment 2\Dx11 Mesh Processing\Debug\Dx11demo.exe
       FinalizeBuildStatus:
         Deleting file "Debug\Dx11demo.unsuccessfulbuild".
         Touching "Debug\Dx11demo.lastbuildstate".
     1>Done Building Project "C:\Users\James\Desktop\4th Year - MCOMP\Graphics\Assignment 2\Dx11 Mesh Processing\Dx11demo.vcxproj" (Build target(s)).

Build succeeded.

Time Elapsed 00:00:02.10
