C:\USERS\PNA\DOCUMENTS\TEACHING\CS4S706 REALTIME COMPUTER GRAPHICS\YEAR1314\DX11 MESH PROCESSING\DEBUG\CGBASEMODEL.OBJ
C:\USERS\PNA\DOCUMENTS\TEACHING\CS4S706 REALTIME COMPUTER GRAPHICS\YEAR1314\DX11 MESH PROCESSING\DEBUG\CGBASICGRASS.OBJ
C:\USERS\PNA\DOCUMENTS\TEACHING\CS4S706 REALTIME COMPUTER GRAPHICS\YEAR1314\DX11 MESH PROCESSING\DEBUG\CGBASICTERRAIN.OBJ
C:\USERS\PNA\DOCUMENTS\TEACHING\CS4S706 REALTIME COMPUTER GRAPHICS\YEAR1314\DX11 MESH PROCESSING\DEBUG\CGCUBE.OBJ
C:\USERS\PNA\DOCUMENTS\TEACHING\CS4S706 REALTIME COMPUTER GRAPHICS\YEAR1314\DX11 MESH PROCESSING\DEBUG\CGMODELINSTANCE.OBJ
C:\USERS\PNA\DOCUMENTS\TEACHING\CS4S706 REALTIME COMPUTER GRAPHICS\YEAR1314\DX11 MESH PROCESSING\DEBUG\CGOUTPUTMERGERSTAGE.OBJ
C:\USERS\PNA\DOCUMENTS\TEACHING\CS4S706 REALTIME COMPUTER GRAPHICS\YEAR1314\DX11 MESH PROCESSING\DEBUG\CGPRINCIPLEAXES.OBJ
C:\USERS\PNA\DOCUMENTS\TEACHING\CS4S706 REALTIME COMPUTER GRAPHICS\YEAR1314\DX11 MESH PROCESSING\DEBUG\CGPYRAMID.OBJ
C:\USERS\PNA\DOCUMENTS\TEACHING\CS4S706 REALTIME COMPUTER GRAPHICS\YEAR1314\DX11 MESH PROCESSING\DEBUG\CGRASTERISERSTAGE.OBJ
C:\USERS\PNA\DOCUMENTS\TEACHING\CS4S706 REALTIME COMPUTER GRAPHICS\YEAR1314\DX11 MESH PROCESSING\DEBUG\CGSNOWPARTICLES.OBJ
C:\USERS\PNA\DOCUMENTS\TEACHING\CS4S706 REALTIME COMPUTER GRAPHICS\YEAR1314\DX11 MESH PROCESSING\DEBUG\CGTEXTURELOADER.OBJ
C:\USERS\PNA\DOCUMENTS\TEACHING\CS4S706 REALTIME COMPUTER GRAPHICS\YEAR1314\DX11 MESH PROCESSING\DEBUG\CGVERTEXBASIC.OBJ
C:\USERS\PNA\DOCUMENTS\TEACHING\CS4S706 REALTIME COMPUTER GRAPHICS\YEAR1314\DX11 MESH PROCESSING\DEBUG\CGVERTEXEXT.OBJ
C:\USERS\PNA\DOCUMENTS\TEACHING\CS4S706 REALTIME COMPUTER GRAPHICS\YEAR1314\DX11 MESH PROCESSING\DEBUG\CGPIPELINE.OBJ
C:\USERS\PNA\DOCUMENTS\TEACHING\CS4S706 REALTIME COMPUTER GRAPHICS\YEAR1314\DX11 MESH PROCESSING\DEBUG\HERMITECURVE.OBJ
C:\USERS\PNA\DOCUMENTS\TEACHING\CS4S706 REALTIME COMPUTER GRAPHICS\YEAR1314\DX11 MESH PROCESSING\DEBUG\HLSLFACTORY.OBJ
C:\USERS\PNA\DOCUMENTS\TEACHING\CS4S706 REALTIME COMPUTER GRAPHICS\YEAR1314\DX11 MESH PROCESSING\DEBUG\MAIN.OBJ
C:\USERS\PNA\DOCUMENTS\TEACHING\CS4S706 REALTIME COMPUTER GRAPHICS\YEAR1314\DX11 MESH PROCESSING\DEBUG\CGCLOCK.OBJ
C:\USERS\PNA\DOCUMENTS\TEACHING\CS4S706 REALTIME COMPUTER GRAPHICS\YEAR1314\DX11 MESH PROCESSING\DEBUG\CGOBJECT.OBJ
C:\USERS\PNA\DOCUMENTS\TEACHING\CS4S706 REALTIME COMPUTER GRAPHICS\YEAR1314\DX11 MESH PROCESSING\DEBUG\TRIANGLE.OBJ
C:\USERS\PNA\DOCUMENTS\TEACHING\CS4S706 REALTIME COMPUTER GRAPHICS\YEAR1314\DX11 MESH PROCESSING\DEBUG\VC100.PDB
C:\USERS\PNA\DOCUMENTS\TEACHING\CS4S706 REALTIME COMPUTER GRAPHICS\YEAR1314\DX11 MESH PROCESSING\DEBUG\DX11DEMO.ILK
C:\USERS\PNA\DOCUMENTS\TEACHING\CS4S706 REALTIME COMPUTER GRAPHICS\YEAR1314\DX11 MESH PROCESSING\DEBUG\DX11DEMO.EXE
C:\USERS\PNA\DOCUMENTS\TEACHING\CS4S706 REALTIME COMPUTER GRAPHICS\YEAR1314\DX11 MESH PROCESSING\DEBUG\DX11DEMO.EXE.INTERMEDIATE.MANIFEST
C:\USERS\PNA\DOCUMENTS\TEACHING\CS4S706 REALTIME COMPUTER GRAPHICS\YEAR1314\DX11 MESH PROCESSING\DEBUG\DX11DEMO.PDB
C:\USERS\PNA\DOCUMENTS\TEACHING\CS4S706 REALTIME COMPUTER GRAPHICS\YEAR1314\DX11 MESH PROCESSING\DEBUG\DX11DEMO.EXE.EMBED.MANIFEST
C:\USERS\PNA\DOCUMENTS\TEACHING\CS4S706 REALTIME COMPUTER GRAPHICS\YEAR1314\DX11 MESH PROCESSING\DEBUG\DX11DEMO.EXE.EMBED.MANIFEST.RES
C:\Users\pna\Documents\Teaching\CS4S706 Realtime Computer Graphics\year1314\Dx11 Mesh Processing\Debug\CGBaseModel.obj
C:\Users\pna\Documents\Teaching\CS4S706 Realtime Computer Graphics\year1314\Dx11 Mesh Processing\Debug\CGBasicGrass.obj
C:\Users\pna\Documents\Teaching\CS4S706 Realtime Computer Graphics\year1314\Dx11 Mesh Processing\Debug\CGBasicTerrain.obj
C:\Users\pna\Documents\Teaching\CS4S706 Realtime Computer Graphics\year1314\Dx11 Mesh Processing\Debug\CGClock.obj
C:\Users\pna\Documents\Teaching\CS4S706 Realtime Computer Graphics\year1314\Dx11 Mesh Processing\Debug\CGCube.obj
C:\Users\pna\Documents\Teaching\CS4S706 Realtime Computer Graphics\year1314\Dx11 Mesh Processing\Debug\CGModelInstance.obj
C:\Users\pna\Documents\Teaching\CS4S706 Realtime Computer Graphics\year1314\Dx11 Mesh Processing\Debug\CGObject.obj
C:\Users\pna\Documents\Teaching\CS4S706 Realtime Computer Graphics\year1314\Dx11 Mesh Processing\Debug\CGOutputMergerStage.obj
C:\Users\pna\Documents\Teaching\CS4S706 Realtime Computer Graphics\year1314\Dx11 Mesh Processing\Debug\CGPipeline.obj
C:\Users\pna\Documents\Teaching\CS4S706 Realtime Computer Graphics\year1314\Dx11 Mesh Processing\Debug\CGPrincipleAxes.obj
C:\Users\pna\Documents\Teaching\CS4S706 Realtime Computer Graphics\year1314\Dx11 Mesh Processing\Debug\CGPyramid.obj
C:\Users\pna\Documents\Teaching\CS4S706 Realtime Computer Graphics\year1314\Dx11 Mesh Processing\Debug\CGRasteriserStage.obj
C:\Users\pna\Documents\Teaching\CS4S706 Realtime Computer Graphics\year1314\Dx11 Mesh Processing\Debug\CGSnowParticles.obj
C:\Users\pna\Documents\Teaching\CS4S706 Realtime Computer Graphics\year1314\Dx11 Mesh Processing\Debug\CGTextureLoader.obj
C:\Users\pna\Documents\Teaching\CS4S706 Realtime Computer Graphics\year1314\Dx11 Mesh Processing\Debug\CGVertexBasic.obj
C:\Users\pna\Documents\Teaching\CS4S706 Realtime Computer Graphics\year1314\Dx11 Mesh Processing\Debug\CGVertexExt.obj
C:\Users\pna\Documents\Teaching\CS4S706 Realtime Computer Graphics\year1314\Dx11 Mesh Processing\Debug\HermiteCurve.obj
C:\Users\pna\Documents\Teaching\CS4S706 Realtime Computer Graphics\year1314\Dx11 Mesh Processing\Debug\HLSLFactory.obj
C:\Users\pna\Documents\Teaching\CS4S706 Realtime Computer Graphics\year1314\Dx11 Mesh Processing\Debug\main.obj
C:\Users\pna\Documents\Teaching\CS4S706 Realtime Computer Graphics\year1314\Dx11 Mesh Processing\Debug\Triangle.obj
C:\Users\pna\Documents\Teaching\CS4S706 Realtime Computer Graphics\year1314\Dx11 Mesh Processing\Debug\Dx11demo.ilk
C:\Users\pna\Documents\Teaching\CS4S706 Realtime Computer Graphics\year1314\Dx11 Mesh Processing\Debug\cl.command.1.tlog
C:\Users\pna\Documents\Teaching\CS4S706 Realtime Computer Graphics\year1314\Dx11 Mesh Processing\Debug\CL.read.1.tlog
C:\Users\pna\Documents\Teaching\CS4S706 Realtime Computer Graphics\year1314\Dx11 Mesh Processing\Debug\CL.write.1.tlog
C:\Users\pna\Documents\Teaching\CS4S706 Realtime Computer Graphics\year1314\Dx11 Mesh Processing\Debug\link-cvtres.read.1.tlog
C:\Users\pna\Documents\Teaching\CS4S706 Realtime Computer Graphics\year1314\Dx11 Mesh Processing\Debug\link-cvtres.write.1.tlog
C:\Users\pna\Documents\Teaching\CS4S706 Realtime Computer Graphics\year1314\Dx11 Mesh Processing\Debug\link.14152-cvtres.read.1.tlog
C:\Users\pna\Documents\Teaching\CS4S706 Realtime Computer Graphics\year1314\Dx11 Mesh Processing\Debug\link.14152-cvtres.write.1.tlog
C:\Users\pna\Documents\Teaching\CS4S706 Realtime Computer Graphics\year1314\Dx11 Mesh Processing\Debug\link.14152.read.1.tlog
C:\Users\pna\Documents\Teaching\CS4S706 Realtime Computer Graphics\year1314\Dx11 Mesh Processing\Debug\link.14152.read.2.tlog
C:\Users\pna\Documents\Teaching\CS4S706 Realtime Computer Graphics\year1314\Dx11 Mesh Processing\Debug\link.14152.write.1.tlog
C:\Users\pna\Documents\Teaching\CS4S706 Realtime Computer Graphics\year1314\Dx11 Mesh Processing\Debug\link.14284-cvtres.read.1.tlog
C:\Users\pna\Documents\Teaching\CS4S706 Realtime Computer Graphics\year1314\Dx11 Mesh Processing\Debug\link.14284-cvtres.write.1.tlog
C:\Users\pna\Documents\Teaching\CS4S706 Realtime Computer Graphics\year1314\Dx11 Mesh Processing\Debug\link.14284.read.1.tlog
C:\Users\pna\Documents\Teaching\CS4S706 Realtime Computer Graphics\year1314\Dx11 Mesh Processing\Debug\link.14284.read.2.tlog
C:\Users\pna\Documents\Teaching\CS4S706 Realtime Computer Graphics\year1314\Dx11 Mesh Processing\Debug\link.14284.write.1.tlog
C:\Users\pna\Documents\Teaching\CS4S706 Realtime Computer Graphics\year1314\Dx11 Mesh Processing\Debug\link.command.1.tlog
C:\Users\pna\Documents\Teaching\CS4S706 Realtime Computer Graphics\year1314\Dx11 Mesh Processing\Debug\link.read.1.tlog
C:\Users\pna\Documents\Teaching\CS4S706 Realtime Computer Graphics\year1314\Dx11 Mesh Processing\Debug\link.read.2.tlog
C:\Users\pna\Documents\Teaching\CS4S706 Realtime Computer Graphics\year1314\Dx11 Mesh Processing\Debug\link.write.1.tlog
C:\Users\pna\Documents\Teaching\CS4S706 Realtime Computer Graphics\year1314\Dx11 Mesh Processing\Debug\mt.command.1.tlog
C:\Users\pna\Documents\Teaching\CS4S706 Realtime Computer Graphics\year1314\Dx11 Mesh Processing\Debug\mt.read.1.tlog
C:\Users\pna\Documents\Teaching\CS4S706 Realtime Computer Graphics\year1314\Dx11 Mesh Processing\Debug\mt.write.1.tlog
C:\Users\pna\Documents\Teaching\CS4S706 Realtime Computer Graphics\year1314\Dx11 Mesh Processing\Debug\rc.command.1.tlog
C:\Users\pna\Documents\Teaching\CS4S706 Realtime Computer Graphics\year1314\Dx11 Mesh Processing\Debug\rc.read.1.tlog
C:\Users\pna\Documents\Teaching\CS4S706 Realtime Computer Graphics\year1314\Dx11 Mesh Processing\Debug\rc.write.1.tlog
C:\Users\pna\Documents\Teaching\CS4S706 Realtime Computer Graphics\year1314\Dx11 Mesh Processing\Debug\Dx11demo.exe.embed.manifest
C:\Users\pna\Documents\Teaching\CS4S706 Realtime Computer Graphics\year1314\Dx11 Mesh Processing\Debug\Dx11demo.exe.intermediate.manifest
C:\Users\pna\Documents\Teaching\CS4S706 Realtime Computer Graphics\year1314\Dx11 Mesh Processing\Debug\Dx11demo.exe.embed.manifest.res
C:\Users\pna\Documents\Teaching\CS4S706 Realtime Computer Graphics\year1314\Dx11 Mesh Processing\Debug\vc100.idb
C:\Users\pna\Documents\Teaching\CS4S706 Realtime Computer Graphics\year1314\Dx11 Mesh Processing\Debug\Dx11demo.pdb
C:\Users\pna\Documents\Teaching\CS4S706 Realtime Computer Graphics\year1314\Dx11 Mesh Processing\Debug\vc100.pdb
C:\Users\pna\Documents\Teaching\CS4S706 Realtime Computer Graphics\year1314\Dx11 Mesh Processing\Debug\Dx11demo_manifest.rc
C:\Users\pna\Documents\Teaching\CS4S706 Realtime Computer Graphics\year1314\Dx11 Mesh Processing\Debug\Dx11demo.exe
